# JRE version: Java(TM) SE Runtime Environment (8.0_101-b13) (build 1.8.0_101-b13)
# Java VM: Java HotSpot(TM) 64-Bit Server VM (25.101-b13 mixed mode windows-amd64 compressed oops)
Heap:
 par new generation   total 153344K, used 123910K [0x00000000c0000000, 0x00000000ca660000, 0x00000000ca660000)
  eden space 136320K,  84% used [0x00000000c0000000, 0x00000000c70c1ed8, 0x00000000c8520000)
  from space 17024K,  49% used [0x00000000c8520000, 0x00000000c8d5f948, 0x00000000c95c0000)
  to   space 17024K,   0% used [0x00000000c95c0000, 0x00000000c95c0000, 0x00000000ca660000)
 concurrent mark-sweep generation total 878208K, used 189637K [0x00000000ca660000, 0x0000000100000000, 0x0000000100000000)
 Metaspace       used 41057K, capacity 41441K, committed 41884K, reserved 1085440K
  class space    used 5339K, capacity 5455K, committed 5476K, reserved 1048576K
GC Heap History (10 events):
Event: 17.490 GC heap before
{Heap before GC invocations=18 (full 3):
 par new generation   total 153344K, used 150034K [0x00000000c0000000, 0x00000000ca660000, 0x00000000ca660000)
  eden space 136320K, 100% used [0x00000000c0000000, 0x00000000c8520000, 0x00000000c8520000)
  from space 17024K,  80% used [0x00000000c95c0000, 0x00000000ca324838, 0x00000000ca660000)
  to   space 17024K,   0% used [0x00000000c8520000, 0x00000000c8520000, 0x00000000c95c0000)
 concurrent mark-sweep generation total 878208K, used 173188K [0x00000000ca660000, 0x0000000100000000, 0x0000000100000000)
 Metaspace       used 37345K, capacity 37763K, committed 38232K, reserved 1083392K
  class space    used 4915K, capacity 5066K, committed 5120K, reserved 1048576K
Event: 17.506 GC heap after
Heap after GC invocations=19 (full 3):
 par new generation   total 153344K, used 16316K [0x00000000c0000000, 0x00000000ca660000, 0x00000000ca660000)
  eden space 136320K,   0% used [0x00000000c0000000, 0x00000000c0000000, 0x00000000c8520000)
  from space 17024K,  95% used [0x00000000c8520000, 0x00000000c950f2c0, 0x00000000c95c0000)
  to   space 17024K,   0% used [0x00000000c95c0000, 0x00000000c95c0000, 0x00000000ca660000)
 concurrent mark-sweep generation total 878208K, used 177320K [0x00000000ca660000, 0x0000000100000000, 0x0000000100000000)
 Metaspace       used 37345K, capacity 37763K, committed 38232K, reserved 1083392K
  class space    used 4915K, capacity 5066K, committed 5120K, reserved 1048576K
}
Event: 18.125 GC heap before
{Heap before GC invocations=19 (full 3):
 par new generation   total 153344K, used 152636K [0x00000000c0000000, 0x00000000ca660000, 0x00000000ca660000)
  eden space 136320K, 100% used [0x00000000c0000000, 0x00000000c8520000, 0x00000000c8520000)
  from space 17024K,  95% used [0x00000000c8520000, 0x00000000c950f2c0, 0x00000000c95c0000)
  to   space 17024K,   0% used [0x00000000c95c0000, 0x00000000c95c0000, 0x00000000ca660000)
 concurrent mark-sweep generation total 878208K, used 177320K [0x00000000ca660000, 0x0000000100000000, 0x0000000100000000)
 Metaspace       used 38234K, capacity 38607K, committed 38896K, reserved 1083392K
  class space    used 5048K, capacity 5196K, committed 5196K, reserved 1048576K
Event: 18.141 GC heap after
Heap after GC invocations=20 (full 3):
 par new generation   total 153344K, used 14544K [0x00000000c0000000, 0x00000000ca660000, 0x00000000ca660000)
  eden space 136320K,   0% used [0x00000000c0000000, 0x00000000c0000000, 0x00000000c8520000)
  from space 17024K,  85% used [0x00000000c95c0000, 0x00000000ca3f4240, 0x00000000ca660000)
  to   space 17024K,   0% used [0x00000000c8520000, 0x00000000c8520000, 0x00000000c95c0000)
 concurrent mark-sweep generation total 878208K, used 181621K [0x00000000ca660000, 0x0000000100000000, 0x0000000100000000)
 Metaspace       used 38234K, capacity 38607K, committed 38896K, reserved 1083392K
  class space    used 5048K, capacity 5196K, committed 5196K, reserved 1048576K
}
Event: 18.623 GC heap before
{Heap before GC invocations=20 (full 3):
 par new generation   total 153344K, used 150864K [0x00000000c0000000, 0x00000000ca660000, 0x00000000ca660000)
  eden space 136320K, 100% used [0x00000000c0000000, 0x00000000c8520000, 0x00000000c8520000)
  from space 17024K,  85% used [0x00000000c95c0000, 0x00000000ca3f4240, 0x00000000ca660000)
  to   space 17024K,   0% used [0x00000000c8520000, 0x00000000c8520000, 0x00000000c95c0000)
 concurrent mark-sweep generation total 878208K, used 181621K [0x00000000ca660000, 0x0000000100000000, 0x0000000100000000)
 Metaspace       used 39161K, capacity 39471K, committed 39968K, reserved 1083392K
  class space    used 5156K, capacity 5292K, committed 5400K, reserved 1048576K
Event: 18.642 GC heap after
Heap after GC invocations=21 (full 3):
 par new generation   total 153344K, used 9683K [0x00000000c0000000, 0x00000000ca660000, 0x00000000ca660000)
  eden space 136320K,   0% used [0x00000000c0000000, 0x00000000c0000000, 0x00000000c8520000)
  from space 17024K,  56% used [0x00000000c8520000, 0x00000000c8e94d60, 0x00000000c95c0000)
  to   space 17024K,   0% used [0x00000000c95c0000, 0x00000000c95c0000, 0x00000000ca660000)
 concurrent mark-sweep generation total 878208K, used 186550K [0x00000000ca660000, 0x0000000100000000, 0x0000000100000000)
 Metaspace       used 39161K, capacity 39471K, committed 39968K, reserved 1083392K
  class space    used 5156K, capacity 5292K, committed 5400K, reserved 1048576K
}
Event: 19.302 GC heap before
{Heap before GC invocations=21 (full 3):
 par new generation   total 153344K, used 146003K [0x00000000c0000000, 0x00000000ca660000, 0x00000000ca660000)
  eden space 136320K, 100% used [0x00000000c0000000, 0x00000000c8520000, 0x00000000c8520000)
  from space 17024K,  56% used [0x00000000c8520000, 0x00000000c8e94d60, 0x00000000c95c0000)
  to   space 17024K,   0% used [0x00000000c95c0000, 0x00000000c95c0000, 0x00000000ca660000)
 concurrent mark-sweep generation total 878208K, used 186550K [0x00000000ca660000, 0x0000000100000000, 0x0000000100000000)
 Metaspace       used 40247K, capacity 40667K, committed 40964K, reserved 1085440K
  class space    used 5260K, capacity 5390K, committed 5400K, reserved 1048576K
Event: 19.312 GC heap after
Heap after GC invocations=22 (full 3):
 par new generation   total 153344K, used 11515K [0x00000000c0000000, 0x00000000ca660000, 0x00000000ca660000)
  eden space 136320K,   0% used [0x00000000c0000000, 0x00000000c0000000, 0x00000000c8520000)
  from space 17024K,  67% used [0x00000000c95c0000, 0x00000000ca0feee8, 0x00000000ca660000)
  to   space 17024K,   0% used [0x00000000c8520000, 0x00000000c8520000, 0x00000000c95c0000)
 concurrent mark-sweep generation total 878208K, used 186550K [0x00000000ca660000, 0x0000000100000000, 0x0000000100000000)
 Metaspace       used 40247K, capacity 40667K, committed 40964K, reserved 1085440K
  class space    used 5260K, capacity 5390K, committed 5400K, reserved 1048576K
}
Event: 20.818 GC heap before
{Heap before GC invocations=22 (full 3):
 par new generation   total 153344K, used 147835K [0x00000000c0000000, 0x00000000ca660000, 0x00000000ca660000)
  eden space 136320K, 100% used [0x00000000c0000000, 0x00000000c8520000, 0x00000000c8520000)
  from space 17024K,  67% used [0x00000000c95c0000, 0x00000000ca0feee8, 0x00000000ca660000)
  to   space 17024K,   0% used [0x00000000c8520000, 0x00000000c8520000, 0x00000000c95c0000)
 concurrent mark-sweep generation total 878208K, used 186550K [0x00000000ca660000, 0x0000000100000000, 0x0000000100000000)
 Metaspace       used 40276K, capacity 40667K, committed 40964K, reserved 1085440K
  class space    used 5263K, capacity 5390K, committed 5400K, reserved 1048576K
Event: 20.831 GC heap after
Heap after GC invocations=23 (full 3):
 par new generation   total 153344K, used 8446K [0x00000000c0000000, 0x00000000ca660000, 0x00000000ca660000)
  eden space 136320K,   0% used [0x00000000c0000000, 0x00000000c0000000, 0x00000000c8520000)
  from space 17024K,  49% used [0x00000000c8520000, 0x00000000c8d5f948, 0x00000000c95c0000)
  to   space 17024K,   0% used [0x00000000c95c0000, 0x00000000c95c0000, 0x00000000ca660000)
 concurrent mark-sweep generation total 878208K, used 189637K [0x00000000ca660000, 0x0000000100000000, 0x0000000100000000)
 Metaspace       used 40276K, capacity 40667K, committed 40964K, reserved 1085440K
  class space    used 5263K, capacity 5390K, committed 5400K, reserved 1048576K
}

