# JRE version: Java(TM) SE Runtime Environment (8.0_101-b13) (build 1.8.0_101-b13)
# Java VM: Java HotSpot(TM) 64-Bit Server VM (25.101-b13 mixed mode windows-amd64 compressed oops)
Heap:
 par new generation   total 153344K, used 90270K [0x00000000c0000000, 0x00000000ca660000, 0x00000000ca660000)
  eden space 136320K,  59% used [0x00000000c0000000, 0x00000000c4fdcaa0, 0x00000000c8520000)
  from space 17024K,  49% used [0x00000000c8520000, 0x00000000c8d6b0b8, 0x00000000c95c0000)
  to   space 17024K,   0% used [0x00000000c95c0000, 0x00000000c95c0000, 0x00000000ca660000)
 concurrent mark-sweep generation total 878208K, used 181247K [0x00000000ca660000, 0x0000000100000000, 0x0000000100000000)
 Metaspace       used 40972K, capacity 41307K, committed 41648K, reserved 1085440K
  class space    used 5347K, capacity 5454K, committed 5512K, reserved 1048576K
GC Heap History (10 events):
Event: 15.508 GC heap before
{Heap before GC invocations=20 (full 3):
 par new generation   total 153344K, used 147708K [0x00000000c0000000, 0x00000000ca660000, 0x00000000ca660000)
  eden space 136320K, 100% used [0x00000000c0000000, 0x00000000c8520000, 0x00000000c8520000)
  from space 17024K,  66% used [0x00000000c95c0000, 0x00000000ca0df380, 0x00000000ca660000)
  to   space 17024K,   0% used [0x00000000c8520000, 0x00000000c8520000, 0x00000000c95c0000)
 concurrent mark-sweep generation total 878208K, used 165198K [0x00000000ca660000, 0x0000000100000000, 0x0000000100000000)
 Metaspace       used 37670K, capacity 38051K, committed 38328K, reserved 1083392K
  class space    used 4966K, capacity 5098K, committed 5156K, reserved 1048576K
Event: 15.531 GC heap after
Heap after GC invocations=21 (full 3):
 par new generation   total 153344K, used 13918K [0x00000000c0000000, 0x00000000ca660000, 0x00000000ca660000)
  eden space 136320K,   0% used [0x00000000c0000000, 0x00000000c0000000, 0x00000000c8520000)
  from space 17024K,  81% used [0x00000000c8520000, 0x00000000c92b7b20, 0x00000000c95c0000)
  to   space 17024K,   0% used [0x00000000c95c0000, 0x00000000c95c0000, 0x00000000ca660000)
 concurrent mark-sweep generation total 878208K, used 169797K [0x00000000ca660000, 0x0000000100000000, 0x0000000100000000)
 Metaspace       used 37670K, capacity 38051K, committed 38328K, reserved 1083392K
  class space    used 4966K, capacity 5098K, committed 5156K, reserved 1048576K
}
Event: 16.447 GC heap before
{Heap before GC invocations=21 (full 3):
 par new generation   total 153344K, used 150238K [0x00000000c0000000, 0x00000000ca660000, 0x00000000ca660000)
  eden space 136320K, 100% used [0x00000000c0000000, 0x00000000c8520000, 0x00000000c8520000)
  from space 17024K,  81% used [0x00000000c8520000, 0x00000000c92b7b20, 0x00000000c95c0000)
  to   space 17024K,   0% used [0x00000000c95c0000, 0x00000000c95c0000, 0x00000000ca660000)
 concurrent mark-sweep generation total 878208K, used 169797K [0x00000000ca660000, 0x0000000100000000, 0x0000000100000000)
 Metaspace       used 38506K, capacity 38831K, committed 39068K, reserved 1083392K
  class space    used 5097K, capacity 5228K, committed 5232K, reserved 1048576K
Event: 16.464 GC heap after
Heap after GC invocations=22 (full 3):
 par new generation   total 153344K, used 9574K [0x00000000c0000000, 0x00000000ca660000, 0x00000000ca660000)
  eden space 136320K,   0% used [0x00000000c0000000, 0x00000000c0000000, 0x00000000c8520000)
  from space 17024K,  56% used [0x00000000c95c0000, 0x00000000c9f19830, 0x00000000ca660000)
  to   space 17024K,   0% used [0x00000000c8520000, 0x00000000c8520000, 0x00000000c95c0000)
 concurrent mark-sweep generation total 878208K, used 174536K [0x00000000ca660000, 0x0000000100000000, 0x0000000100000000)
 Metaspace       used 38506K, capacity 38831K, committed 39068K, reserved 1083392K
  class space    used 5097K, capacity 5228K, committed 5232K, reserved 1048576K
}
Event: 16.885 GC heap before
{Heap before GC invocations=22 (full 3):
 par new generation   total 153344K, used 145894K [0x00000000c0000000, 0x00000000ca660000, 0x00000000ca660000)
  eden space 136320K, 100% used [0x00000000c0000000, 0x00000000c8520000, 0x00000000c8520000)
  from space 17024K,  56% used [0x00000000c95c0000, 0x00000000c9f19830, 0x00000000ca660000)
  to   space 17024K,   0% used [0x00000000c8520000, 0x00000000c8520000, 0x00000000c95c0000)
 concurrent mark-sweep generation total 878208K, used 174536K [0x00000000ca660000, 0x0000000100000000, 0x0000000100000000)
 Metaspace       used 39428K, capacity 39727K, committed 39988K, reserved 1083392K
  class space    used 5174K, capacity 5292K, committed 5308K, reserved 1048576K
Event: 16.899 GC heap after
Heap after GC invocations=23 (full 3):
 par new generation   total 153344K, used 15841K [0x00000000c0000000, 0x00000000ca660000, 0x00000000ca660000)
  eden space 136320K,   0% used [0x00000000c0000000, 0x00000000c0000000, 0x00000000c8520000)
  from space 17024K,  93% used [0x00000000c8520000, 0x00000000c9498678, 0x00000000c95c0000)
  to   space 17024K,   0% used [0x00000000c95c0000, 0x00000000c95c0000, 0x00000000ca660000)
 concurrent mark-sweep generation total 878208K, used 174536K [0x00000000ca660000, 0x0000000100000000, 0x0000000100000000)
 Metaspace       used 39428K, capacity 39727K, committed 39988K, reserved 1083392K
  class space    used 5174K, capacity 5292K, committed 5308K, reserved 1048576K
}
Event: 17.847 GC heap before
{Heap before GC invocations=23 (full 3):
 par new generation   total 153344K, used 152161K [0x00000000c0000000, 0x00000000ca660000, 0x00000000ca660000)
  eden space 136320K, 100% used [0x00000000c0000000, 0x00000000c8520000, 0x00000000c8520000)
  from space 17024K,  93% used [0x00000000c8520000, 0x00000000c9498678, 0x00000000c95c0000)
  to   space 17024K,   0% used [0x00000000c95c0000, 0x00000000c95c0000, 0x00000000ca660000)
 concurrent mark-sweep generation total 878208K, used 174536K [0x00000000ca660000, 0x0000000100000000, 0x0000000100000000)
 Metaspace       used 40263K, capacity 40667K, committed 41060K, reserved 1085440K
  class space    used 5269K, capacity 5390K, committed 5512K, reserved 1048576K
Event: 17.863 GC heap after
Heap after GC invocations=24 (full 3):
 par new generation   total 153344K, used 9775K [0x00000000c0000000, 0x00000000ca660000, 0x00000000ca660000)
  eden space 136320K,   0% used [0x00000000c0000000, 0x00000000c0000000, 0x00000000c8520000)
  from space 17024K,  57% used [0x00000000c95c0000, 0x00000000c9f4bf88, 0x00000000ca660000)
  to   space 17024K,   0% used [0x00000000c8520000, 0x00000000c8520000, 0x00000000c95c0000)
 concurrent mark-sweep generation total 878208K, used 178147K [0x00000000ca660000, 0x0000000100000000, 0x0000000100000000)
 Metaspace       used 40263K, capacity 40667K, committed 41060K, reserved 1085440K
  class space    used 5269K, capacity 5390K, committed 5512K, reserved 1048576K
}
Event: 19.143 GC heap before
{Heap before GC invocations=24 (full 3):
 par new generation   total 153344K, used 141190K [0x00000000c0000000, 0x00000000ca660000, 0x00000000ca660000)
  eden space 136320K,  96% used [0x00000000c0000000, 0x00000000c8055970, 0x00000000c8520000)
  from space 17024K,  57% used [0x00000000c95c0000, 0x00000000c9f4bf88, 0x00000000ca660000)
  to   space 17024K,   0% used [0x00000000c8520000, 0x00000000c8520000, 0x00000000c95c0000)
 concurrent mark-sweep generation total 878208K, used 178147K [0x00000000ca660000, 0x0000000100000000, 0x0000000100000000)
 Metaspace       used 40349K, capacity 40731K, committed 41316K, reserved 1085440K
  class space    used 5276K, capacity 5390K, committed 5512K, reserved 1048576K
Event: 19.157 GC heap after
Heap after GC invocations=25 (full 3):
 par new generation   total 153344K, used 8492K [0x00000000c0000000, 0x00000000ca660000, 0x00000000ca660000)
  eden space 136320K,   0% used [0x00000000c0000000, 0x00000000c0000000, 0x00000000c8520000)
  from space 17024K,  49% used [0x00000000c8520000, 0x00000000c8d6b0b8, 0x00000000c95c0000)
  to   space 17024K,   0% used [0x00000000c95c0000, 0x00000000c95c0000, 0x00000000ca660000)
 concurrent mark-sweep generation total 878208K, used 181247K [0x00000000ca660000, 0x0000000100000000, 0x0000000100000000)
 Metaspace       used 40349K, capacity 40731K, committed 41316K, reserved 1085440K
  class space    used 5276K, capacity 5390K, committed 5512K, reserved 1048576K
}

